<?xml version="1.0" encoding="UTF-8"?>
<!-- Generated by org.testng.reporters.JUnitReportReporter -->
<testsuite hostname="LAPTOP-SR5PR87O" name="com.Annoations.NewTours_LogInTest" tests="1" failures="0" timestamp="1 May 2018 16:32:10 GMT" time="12.977" errors="0">
  <testcase name="logIn" time="12.977" classname="com.Annoations.NewTours_LogInTest"/>
</testsuite> <!-- com.Annoations.NewTours_LogInTest -->
