<?xml version="1.0" encoding="UTF-8"?>
<!-- Generated by org.testng.reporters.JUnitReportReporter -->
<testsuite hostname="LAPTOP-SR5PR87O" name="com.Annoations.Annotations3" tests="2" failures="0" timestamp="30 Apr 2018 17:11:08 GMT" time="0.020" errors="0">
  <testcase name="InBox" time="0.013" classname="com.Annoations.Annotations3"/>
  <testcase name="ComposeMail" time="0.007" classname="com.Annoations.Annotations3"/>
</testsuite> <!-- com.Annoations.Annotations3 -->
