<?xml version="1.0" encoding="UTF-8"?>
<!-- Generated by org.testng.reporters.JUnitReportReporter -->
<testsuite hostname="LAPTOP-SR5PR87O" name="com.KeyWord.NewTours_LogInTest" tests="1" failures="0" timestamp="14 May 2018 16:19:06 GMT" time="7.520" errors="0">
  <testcase name="LogIn" time="7.520" classname="com.KeyWord.NewTours_LogInTest"/>
</testsuite> <!-- com.KeyWord.NewTours_LogInTest -->
