<?xml version="1.0" encoding="UTF-8"?>
<!-- Generated by org.testng.reporters.JUnitReportReporter -->
<testsuite hostname="LAPTOP-SR5PR87O" name="com.POM.NewToursHomePageTesting" tests="1" failures="0" timestamp="15 May 2018 16:24:06 GMT" time="44.704" errors="0">
  <testcase name="HomePageTestig" time="44.704" classname="com.POM.NewToursHomePageTesting"/>
</testsuite> <!-- com.POM.NewToursHomePageTesting -->
