<?xml version="1.0" encoding="UTF-8"?>
<!-- Generated by org.testng.reporters.JUnitReportReporter -->
<testsuite hostname="LAPTOP-SR5PR87O" name="com.DataDriven.NewUserRegistration" tests="2" failures="0" timestamp="8 May 2018 16:12:25 GMT" time="13.965" errors="0">
  <testcase name="UserRegistration" time="9.620" classname="com.DataDriven.NewUserRegistration"/>
  <testcase name="Register" time="4.345" classname="com.DataDriven.NewUserRegistration"/>
</testsuite> <!-- com.DataDriven.NewUserRegistration -->
