<?xml version="1.0" encoding="UTF-8"?>
<!-- Generated by org.testng.reporters.JUnitReportReporter -->
<testsuite hostname="LAPTOP-SR5PR87O" name="com.DataDriven.NewTours_NewUserRegistration_TestData" tests="2" failures="0" timestamp="14 May 2018 16:16:27 GMT" time="27.369" errors="0">
  <testcase name="UserRegistration" time="23.776" classname="com.DataDriven.NewTours_NewUserRegistration_TestData"/>
  <testcase name="Register" time="3.593" classname="com.DataDriven.NewTours_NewUserRegistration_TestData"/>
</testsuite> <!-- com.DataDriven.NewTours_NewUserRegistration_TestData -->
