<?xml version="1.0" encoding="UTF-8"?>
<!-- Generated by org.testng.reporters.JUnitReportReporter -->
<testsuite hostname="LAPTOP-SR5PR87O" name="com.Annoations.Annotations1" tests="3" failures="0" timestamp="30 Apr 2018 17:04:38 GMT" time="0.051" errors="0">
  <testcase name="InBox" time="0.007" classname="com.Annoations.Annotations1"/>
  <testcase name="logIn" time="0.007" classname="com.Annoations.Annotations1"/>
  <testcase name="BrowserLaunch" time="0.037" classname="com.Annoations.Annotations1"/>
</testsuite> <!-- com.Annoations.Annotations1 -->
