<?xml version="1.0" encoding="UTF-8"?>
<!-- Generated by org.testng.reporters.JUnitReportReporter -->
<testsuite hostname="LAPTOP-SR5PR87O" name="com.DataDriven.NewUserRegistration" tests="2" failures="0" timestamp="4 May 2018 03:22:29 GMT" time="14.171" errors="0">
  <testcase name="Register" time="0.932" classname="com.DataDriven.NewUserRegistration"/>
  <testcase name="UserRegistration" time="13.239" classname="com.DataDriven.NewUserRegistration"/>
</testsuite> <!-- com.DataDriven.NewUserRegistration -->
